<?xml version="1.0"?>
<!DOCTYPE coverage SYSTEM "http://cobertura.sourceforge.net/xml/coverage-04.dtd">

<coverage line-rate="0.2644970414201183" branch-rate="0.0830945558739255" lines-covered="447" lines-valid="1690" branches-covered="29" branches-valid="349" complexity="1.9045936395759717" version="1.9.4.1" timestamp="1385341613444">
	<sources>
		<source>/root/git/fcas/MercadoVovoZefa/src</source>
		<source>--source</source>
	</sources>
	<packages>
		<package name="dao.concrete" line-rate="0.7366771159874608" branch-rate="0.8055555555555556" complexity="2.4651162790697674">
			<classes>
				<class name="dao.concrete.ConnectMySql" filename="dao/concrete/ConnectMySql.java" line-rate="0.75" branch-rate="1.0" complexity="2.0">
					<methods>
						<method name="&lt;init&gt;" signature="()V" line-rate="0.0" branch-rate="1.0">
							<lines>
								<line number="7" hits="0" branch="false"/>
							</lines>
						</method>
						<method name="conexao" signature="(Ljava/lang/String;Ljava/lang/String;Ljava/lang/String;I)Ljava/sql/Connection;" line-rate="1.0" branch-rate="1.0">
							<lines>
								<line number="15" hits="137" branch="true" condition-coverage="100% (2/2)">
									<conditions>
										<condition number="0" type="switch" coverage="100%"/>
									</conditions>
								</line>
								<line number="17" hits="137" branch="false"/>
								<line number="21" hits="137" branch="false"/>
							</lines>
						</method>
					</methods>
					<lines>
						<line number="7" hits="0" branch="false"/>
						<line number="15" hits="137" branch="true" condition-coverage="100% (2/2)">
							<conditions>
								<condition number="0" type="switch" coverage="100%"/>
							</conditions>
						</line>
						<line number="17" hits="137" branch="false"/>
						<line number="21" hits="137" branch="false"/>
					</lines>
				</class>
				<class name="dao.concrete.DAOFactory" filename="dao/concrete/DAOFactory.java" line-rate="0.75" branch-rate="0.5" complexity="1.5">
					<methods>
						<method name="&lt;init&gt;" signature="()V" line-rate="1.0" branch-rate="1.0">
							<lines>
								<line number="3" hits="10" branch="false"/>
							</lines>
						</method>
						<method name="createDAOFactory" signature="(I)Ldao/concrete/DAOFactory;" line-rate="0.6666666666666666" branch-rate="0.5">
							<lines>
								<line number="15" hits="10" branch="true" condition-coverage="50% (1/2)">
									<conditions>
										<condition number="0" type="switch" coverage="50%"/>
									</conditions>
								</line>
								<line number="17" hits="10" branch="false"/>
								<line number="19" hits="0" branch="false"/>
							</lines>
						</method>
					</methods>
					<lines>
						<line number="3" hits="10" branch="false"/>
						<line number="15" hits="10" branch="true" condition-coverage="50% (1/2)">
							<conditions>
								<condition number="0" type="switch" coverage="50%"/>
							</conditions>
						</line>
						<line number="17" hits="10" branch="false"/>
						<line number="19" hits="0" branch="false"/>
					</lines>
				</class>
				<class name="dao.concrete.DAOFuncionario" filename="dao/concrete/DAOFuncionario.java" line-rate="0.6850393700787402" branch-rate="0.75" complexity="2.5294117647058822">
					<methods>
						<method name="&lt;init&gt;" signature="()V" line-rate="1.0" branch-rate="1.0">
							<lines>
								<line number="21" hits="17" branch="false"/>
								<line number="22" hits="17" branch="false"/>
								<line number="23" hits="17" branch="false"/>
								<line number="24" hits="17" branch="false"/>
							</lines>
						</method>
						<method name="apagarFuncionario" signature="(Ljava/lang/String;)V" line-rate="0.7142857142857143" branch-rate="1.0">
							<lines>
								<line number="90" hits="9" branch="false"/>
								<line number="93" hits="9" branch="false"/>
								<line number="94" hits="9" branch="false"/>
								<line number="95" hits="0" branch="false"/>
								<line number="96" hits="0" branch="false"/>
								<line number="97" hits="9" branch="false"/>
								<line number="98" hits="9" branch="false"/>
							</lines>
						</method>
						<method name="apagarTodos" signature="()V" line-rate="0.7142857142857143" branch-rate="1.0">
							<lines>
								<line number="40" hits="2" branch="false"/>
								<line number="42" hits="2" branch="false"/>
								<line number="43" hits="2" branch="false"/>
								<line number="44" hits="0" branch="false"/>
								<line number="45" hits="0" branch="false"/>
								<line number="46" hits="2" branch="false"/>
								<line number="47" hits="2" branch="false"/>
							</lines>
						</method>
						<method name="atualizarSalario" signature="(Lmodels/funcionario/IFuncionario;)V" line-rate="0.7142857142857143" branch-rate="1.0">
							<lines>
								<line number="130" hits="2" branch="false"/>
								<line number="134" hits="2" branch="false"/>
								<line number="135" hits="2" branch="false"/>
								<line number="136" hits="0" branch="false"/>
								<line number="137" hits="0" branch="false"/>
								<line number="138" hits="2" branch="false"/>
								<line number="140" hits="2" branch="false"/>
							</lines>
						</method>
						<method name="buscarFuncionario" signature="(Ljava/lang/String;)Lmodels/funcionario/IFuncionario;" line-rate="0.8125" branch-rate="0.5">
							<lines>
								<line number="144" hits="13" branch="false"/>
								<line number="145" hits="13" branch="false"/>
								<line number="148" hits="13" branch="false"/>
								<line number="149" hits="13" branch="false"/>
								<line number="152" hits="13" branch="true" condition-coverage="50% (1/2)">
									<conditions>
										<condition number="0" type="jump" coverage="50%"/>
									</conditions>
								</line>
								<line number="153" hits="13" branch="false"/>
								<line number="154" hits="13" branch="false"/>
								<line number="155" hits="13" branch="false"/>
								<line number="156" hits="13" branch="false"/>
								<line number="157" hits="13" branch="false"/>
								<line number="158" hits="13" branch="false"/>
								<line number="160" hits="0" branch="false"/>
								<line number="163" hits="0" branch="false"/>
								<line number="164" hits="0" branch="false"/>
								<line number="165" hits="13" branch="false"/>
								<line number="167" hits="13" branch="false"/>
							</lines>
						</method>
						<method name="buscarRg" signature="(Ljava/lang/String;)Ljava/lang/String;" line-rate="0.7777777777777778" branch-rate="1.0">
							<lines>
								<line number="195" hits="7" branch="false"/>
								<line number="198" hits="7" branch="false"/>
								<line number="199" hits="7" branch="false"/>
								<line number="203" hits="7" branch="true" condition-coverage="100% (2/2)">
									<conditions>
										<condition number="0" type="jump" coverage="100%"/>
									</conditions>
								</line>
								<line number="204" hits="6" branch="false"/>
								<line number="207" hits="0" branch="false"/>
								<line number="208" hits="0" branch="false"/>
								<line number="209" hits="1" branch="false"/>
								<line number="211" hits="1" branch="false"/>
							</lines>
						</method>
						<method name="buscarSalario" signature="(Lmodels/funcionario/IFuncionario;)D" line-rate="0.8" branch-rate="1.0">
							<lines>
								<line number="245" hits="5" branch="false"/>
								<line number="247" hits="5" branch="false"/>
								<line number="250" hits="5" branch="false"/>
								<line number="251" hits="5" branch="false"/>
								<line number="253" hits="5" branch="true" condition-coverage="100% (2/2)">
									<conditions>
										<condition number="0" type="jump" coverage="100%"/>
									</conditions>
								</line>
								<line number="254" hits="4" branch="false"/>
								<line number="257" hits="0" branch="false"/>
								<line number="258" hits="0" branch="false"/>
								<line number="259" hits="1" branch="false"/>
								<line number="261" hits="1" branch="false"/>
							</lines>
						</method>
						<method name="checaRg" signature="(Ljava/lang/String;)Z" line-rate="0.8333333333333334" branch-rate="0.8333333333333334">
							<lines>
								<line number="218" hits="6" branch="false"/>
								<line number="219" hits="6" branch="false"/>
								<line number="222" hits="6" branch="false"/>
								<line number="223" hits="6" branch="false"/>
								<line number="227" hits="6" branch="true" condition-coverage="100% (2/2)">
									<conditions>
										<condition number="0" type="jump" coverage="100%"/>
									</conditions>
								</line>
								<line number="228" hits="1" branch="false"/>
								<line number="231" hits="0" branch="false"/>
								<line number="232" hits="0" branch="false"/>
								<line number="233" hits="6" branch="false"/>
								<line number="234" hits="6" branch="true" condition-coverage="75% (3/4)">
									<conditions>
										<condition number="0" type="jump" coverage="100%"/>
										<condition number="1" type="jump" coverage="50%"/>
									</conditions>
								</line>
								<line number="235" hits="5" branch="false"/>
								<line number="237" hits="1" branch="false"/>
							</lines>
						</method>
						<method name="conectar" signature="()V" line-rate="0.5" branch-rate="1.0">
							<lines>
								<line number="29" hits="64" branch="false"/>
								<line number="31" hits="64" branch="false"/>
								<line number="32" hits="0" branch="false"/>
								<line number="33" hits="0" branch="false"/>
								<line number="34" hits="0" branch="false"/>
								<line number="35" hits="0" branch="false"/>
								<line number="36" hits="64" branch="false"/>
								<line number="37" hits="64" branch="false"/>
							</lines>
						</method>
						<method name="criarFuncionario" signature="(Lmodels/funcionario/IFuncionario;)V" line-rate="0.75" branch-rate="1.0">
							<lines>
								<line number="51" hits="13" branch="false"/>
								<line number="60" hits="13" branch="false"/>
								<line number="61" hits="13" branch="false"/>
								<line number="63" hits="0" branch="false"/>
								<line number="64" hits="0" branch="false"/>
								<line number="65" hits="13" branch="false"/>
								<line number="66" hits="13" branch="false"/>
								<line number="68" hits="13" branch="false"/>
							</lines>
						</method>
						<method name="editarFuncionario" signature="(Lmodels/funcionario/IFuncionario;)V" line-rate="0.7142857142857143" branch-rate="1.0">
							<lines>
								<line number="72" hits="2" branch="false"/>
								<line number="81" hits="2" branch="false"/>
								<line number="82" hits="2" branch="false"/>
								<line number="83" hits="0" branch="false"/>
								<line number="84" hits="0" branch="false"/>
								<line number="85" hits="2" branch="false"/>
								<line number="86" hits="2" branch="false"/>
							</lines>
						</method>
						<method name="getSenha" signature="()Ljava/lang/String;" line-rate="0.0" branch-rate="1.0">
							<lines>
								<line number="273" hits="0" branch="false"/>
							</lines>
						</method>
						<method name="getUsuario" signature="()Ljava/lang/String;" line-rate="0.0" branch-rate="1.0">
							<lines>
								<line number="265" hits="0" branch="false"/>
							</lines>
						</method>
						<method name="listarFuncionario" signature="()Ljava/util/List;" line-rate="0.8823529411764706" branch-rate="1.0">
							<lines>
								<line number="102" hits="5" branch="false"/>
								<line number="103" hits="5" branch="false"/>
								<line number="106" hits="5" branch="false"/>
								<line number="109" hits="7" branch="true" condition-coverage="100% (2/2)">
									<conditions>
										<condition number="0" type="jump" coverage="100%"/>
									</conditions>
								</line>
								<line number="110" hits="2" branch="false"/>
								<line number="111" hits="2" branch="false"/>
								<line number="112" hits="2" branch="false"/>
								<line number="113" hits="2" branch="false"/>
								<line number="114" hits="2" branch="false"/>
								<line number="115" hits="2" branch="false"/>
								<line number="116" hits="2" branch="false"/>
								<line number="117" hits="2" branch="false"/>
								<line number="118" hits="2" branch="false"/>
								<line number="120" hits="0" branch="false"/>
								<line number="121" hits="0" branch="false"/>
								<line number="122" hits="5" branch="false"/>
								<line number="124" hits="5" branch="false"/>
							</lines>
						</method>
						<method name="quantidadeVendas" signature="(Lmodels/funcionario/IFuncionario;)I" line-rate="0.0" branch-rate="0.0">
							<lines>
								<line number="173" hits="0" branch="false"/>
								<line number="176" hits="0" branch="false"/>
								<line number="177" hits="0" branch="false"/>
								<line number="181" hits="0" branch="true" condition-coverage="0% (0/2)">
									<conditions>
										<condition number="0" type="jump" coverage="0%"/>
									</conditions>
								</line>
								<line number="182" hits="0" branch="false"/>
								<line number="185" hits="0" branch="false"/>
								<line number="186" hits="0" branch="false"/>
								<line number="187" hits="0" branch="false"/>
								<line number="189" hits="0" branch="false"/>
							</lines>
						</method>
						<method name="setSenha" signature="(Ljava/lang/String;)V" line-rate="0.0" branch-rate="1.0">
							<lines>
								<line number="277" hits="0" branch="false"/>
								<line number="278" hits="0" branch="false"/>
							</lines>
						</method>
						<method name="setUsuario" signature="(Ljava/lang/String;)V" line-rate="0.0" branch-rate="1.0">
							<lines>
								<line number="269" hits="0" branch="false"/>
								<line number="270" hits="0" branch="false"/>
							</lines>
						</method>
					</methods>
					<lines>
						<line number="21" hits="17" branch="false"/>
						<line number="22" hits="17" branch="false"/>
						<line number="23" hits="17" branch="false"/>
						<line number="24" hits="17" branch="false"/>
						<line number="29" hits="64" branch="false"/>
						<line number="31" hits="64" branch="false"/>
						<line number="32" hits="0" branch="false"/>
						<line number="33" hits="0" branch="false"/>
						<line number="34" hits="0" branch="false"/>
						<line number="35" hits="0" branch="false"/>
						<line number="36" hits="64" branch="false"/>
						<line number="37" hits="64" branch="false"/>
						<line number="40" hits="2" branch="false"/>
						<line number="42" hits="2" branch="false"/>
						<line number="43" hits="2" branch="false"/>
						<line number="44" hits="0" branch="false"/>
						<line number="45" hits="0" branch="false"/>
						<line number="46" hits="2" branch="false"/>
						<line number="47" hits="2" branch="false"/>
						<line number="51" hits="13" branch="false"/>
						<line number="60" hits="13" branch="false"/>
						<line number="61" hits="13" branch="false"/>
						<line number="63" hits="0" branch="false"/>
						<line number="64" hits="0" branch="false"/>
						<line number="65" hits="13" branch="false"/>
						<line number="66" hits="13" branch="false"/>
						<line number="68" hits="13" branch="false"/>
						<line number="72" hits="2" branch="false"/>
						<line number="81" hits="2" branch="false"/>
						<line number="82" hits="2" branch="false"/>
						<line number="83" hits="0" branch="false"/>
						<line number="84" hits="0" branch="false"/>
						<line number="85" hits="2" branch="false"/>
						<line number="86" hits="2" branch="false"/>
						<line number="90" hits="9" branch="false"/>
						<line number="93" hits="9" branch="false"/>
						<line number="94" hits="9" branch="false"/>
						<line number="95" hits="0" branch="false"/>
						<line number="96" hits="0" branch="false"/>
						<line number="97" hits="9" branch="false"/>
						<line number="98" hits="9" branch="false"/>
						<line number="102" hits="5" branch="false"/>
						<line number="103" hits="5" branch="false"/>
						<line number="106" hits="5" branch="false"/>
						<line number="109" hits="7" branch="true" condition-coverage="100% (2/2)">
							<conditions>
								<condition number="0" type="jump" coverage="100%"/>
							</conditions>
						</line>
						<line number="110" hits="2" branch="false"/>
						<line number="111" hits="2" branch="false"/>
						<line number="112" hits="2" branch="false"/>
						<line number="113" hits="2" branch="false"/>
						<line number="114" hits="2" branch="false"/>
						<line number="115" hits="2" branch="false"/>
						<line number="116" hits="2" branch="false"/>
						<line number="117" hits="2" branch="false"/>
						<line number="118" hits="2" branch="false"/>
						<line number="120" hits="0" branch="false"/>
						<line number="121" hits="0" branch="false"/>
						<line number="122" hits="5" branch="false"/>
						<line number="124" hits="5" branch="false"/>
						<line number="130" hits="2" branch="false"/>
						<line number="134" hits="2" branch="false"/>
						<line number="135" hits="2" branch="false"/>
						<line number="136" hits="0" branch="false"/>
						<line number="137" hits="0" branch="false"/>
						<line number="138" hits="2" branch="false"/>
						<line number="140" hits="2" branch="false"/>
						<line number="144" hits="13" branch="false"/>
						<line number="145" hits="13" branch="false"/>
						<line number="148" hits="13" branch="false"/>
						<line number="149" hits="13" branch="false"/>
						<line number="152" hits="13" branch="true" condition-coverage="50% (1/2)">
							<conditions>
								<condition number="0" type="jump" coverage="50%"/>
							</conditions>
						</line>
						<line number="153" hits="13" branch="false"/>
						<line number="154" hits="13" branch="false"/>
						<line number="155" hits="13" branch="false"/>
						<line number="156" hits="13" branch="false"/>
						<line number="157" hits="13" branch="false"/>
						<line number="158" hits="13" branch="false"/>
						<line number="160" hits="0" branch="false"/>
						<line number="163" hits="0" branch="false"/>
						<line number="164" hits="0" branch="false"/>
						<line number="165" hits="13" branch="false"/>
						<line number="167" hits="13" branch="false"/>
						<line number="173" hits="0" branch="false"/>
						<line number="176" hits="0" branch="false"/>
						<line number="177" hits="0" branch="false"/>
						<line number="181" hits="0" branch="true" condition-coverage="0% (0/2)">
							<conditions>
								<condition number="0" type="jump" coverage="0%"/>
							</conditions>
						</line>
						<line number="182" hits="0" branch="false"/>
						<line number="185" hits="0" branch="false"/>
						<line number="186" hits="0" branch="false"/>
						<line number="187" hits="0" branch="false"/>
						<line number="189" hits="0" branch="false"/>
						<line number="195" hits="7" branch="false"/>
						<line number="198" hits="7" branch="false"/>
						<line number="199" hits="7" branch="false"/>
						<line number="203" hits="7" branch="true" condition-coverage="100% (2/2)">
							<conditions>
								<condition number="0" type="jump" coverage="100%"/>
							</conditions>
						</line>
						<line number="204" hits="6" branch="false"/>
						<line number="207" hits="0" branch="false"/>
						<line number="208" hits="0" branch="false"/>
						<line number="209" hits="1" branch="false"/>
						<line number="211" hits="1" branch="false"/>
						<line number="218" hits="6" branch="false"/>
						<line number="219" hits="6" branch="false"/>
						<line number="222" hits="6" branch="false"/>
						<line number="223" hits="6" branch="false"/>
						<line number="227" hits="6" branch="true" condition-coverage="100% (2/2)">
							<conditions>
								<condition number="0" type="jump" coverage="100%"/>
							</conditions>
						</line>
						<line number="228" hits="1" branch="false"/>
						<line number="231" hits="0" branch="false"/>
						<line number="232" hits="0" branch="false"/>
						<line number="233" hits="6" branch="false"/>
						<line number="234" hits="6" branch="true" condition-coverage="75% (3/4)">
							<conditions>
								<condition number="0" type="jump" coverage="100%"/>
								<condition number="1" type="jump" coverage="50%"/>
							</conditions>
						</line>
						<line number="235" hits="5" branch="false"/>
						<line number="237" hits="1" branch="false"/>
						<line number="245" hits="5" branch="false"/>
						<line number="247" hits="5" branch="false"/>
						<line number="250" hits="5" branch="false"/>
						<line number="251" hits="5" branch="false"/>
						<line number="253" hits="5" branch="true" condition-coverage="100% (2/2)">
							<conditions>
								<condition number="0" type="jump" coverage="100%"/>
							</conditions>
						</line>
						<line number="254" hits="4" branch="false"/>
						<line number="257" hits="0" branch="false"/>
						<line number="258" hits="0" branch="false"/>
						<line number="259" hits="1" branch="false"/>
						<line number="261" hits="1" branch="false"/>
						<line number="265" hits="0" branch="false"/>
						<line number="269" hits="0" branch="false"/>
						<line number="270" hits="0" branch="false"/>
						<line number="273" hits="0" branch="false"/>
						<line number="277" hits="0" branch="false"/>
						<line number="278" hits="0" branch="false"/>
					</lines>
				</class>
				<class name="dao.concrete.DAOMercadoria" filename="dao/concrete/DAOMercadoria.java" line-rate="0.7613636363636364" branch-rate="0.875" complexity="2.888888888888889">
					<methods>
						<method name="&lt;init&gt;" signature="()V" line-rate="1.0" branch-rate="1.0">
							<lines>
								<line number="14" hits="21" branch="false"/>
							</lines>
						</method>
						<method name="apagarMercadoria" signature="(I)V" line-rate="0.7142857142857143" branch-rate="1.0">
							<lines>
								<line number="104" hits="3" branch="false"/>
								<line number="107" hits="3" branch="false"/>
								<line number="108" hits="3" branch="false"/>
								<line number="109" hits="0" branch="false"/>
								<line number="110" hits="0" branch="false"/>
								<line number="111" hits="3" branch="false"/>
								<line number="112" hits="3" branch="false"/>
							</lines>
						</method>
						<method name="apagarTudo" signature="()V" line-rate="0.7142857142857143" branch-rate="1.0">
							<lines>
								<line number="115" hits="8" branch="false"/>
								<line number="118" hits="8" branch="false"/>
								<line number="119" hits="8" branch="false"/>
								<line number="120" hits="0" branch="false"/>
								<line number="121" hits="0" branch="false"/>
								<line number="122" hits="8" branch="false"/>
								<line number="123" hits="8" branch="false"/>
							</lines>
						</method>
						<method name="buscaIdPorNome" signature="(Ljava/lang/String;)I" line-rate="0.8181818181818182" branch-rate="1.0">
							<lines>
								<line number="79" hits="6" branch="false"/>
								<line number="80" hits="6" branch="false"/>
								<line number="83" hits="6" branch="false"/>
								<line number="84" hits="6" branch="false"/>
								<line number="87" hits="6" branch="true" condition-coverage="100% (2/2)">
									<conditions>
										<condition number="0" type="jump" coverage="100%"/>
									</conditions>
								</line>
								<line number="88" hits="5" branch="false"/>
								<line number="92" hits="1" branch="false"/>
								<line number="95" hits="0" branch="false"/>
								<line number="96" hits="0" branch="false"/>
								<line number="97" hits="5" branch="false"/>
								<line number="99" hits="5" branch="false"/>
							</lines>
						</method>
						<method name="buscarIdMercadoria" signature="(I)I" line-rate="0.7777777777777778" branch-rate="1.0">
							<lines>
								<line number="180" hits="4" branch="false"/>
								<line number="183" hits="4" branch="false"/>
								<line number="184" hits="4" branch="false"/>
								<line number="186" hits="4" branch="true" condition-coverage="100% (2/2)">
									<conditions>
										<condition number="0" type="jump" coverage="100%"/>
									</conditions>
								</line>
								<line number="187" hits="1" branch="false"/>
								<line number="190" hits="0" branch="false"/>
								<line number="191" hits="0" branch="false"/>
								<line number="192" hits="3" branch="false"/>
								<line number="194" hits="3" branch="false"/>
							</lines>
						</method>
						<method name="buscarMercadoria_ID" signature="(I)Lmodels/mercadoria/IMercadoria;" line-rate="0.8" branch-rate="0.5">
							<lines>
								<line number="126" hits="6" branch="false"/>
								<line number="127" hits="6" branch="false"/>
								<line number="130" hits="6" branch="false"/>
								<line number="131" hits="6" branch="false"/>
								<line number="134" hits="6" branch="true" condition-coverage="50% (1/2)">
									<conditions>
										<condition number="0" type="jump" coverage="50%"/>
									</conditions>
								</line>
								<line number="135" hits="6" branch="false"/>
								<line number="136" hits="6" branch="false"/>
								<line number="137" hits="6" branch="false"/>
								<line number="138" hits="6" branch="false"/>
								<line number="139" hits="6" branch="false"/>
								<line number="141" hits="0" branch="false"/>
								<line number="144" hits="0" branch="false"/>
								<line number="145" hits="0" branch="false"/>
								<line number="146" hits="6" branch="false"/>
								<line number="148" hits="6" branch="false"/>
							</lines>
						</method>
						<method name="conectar" signature="()V" line-rate="0.5" branch-rate="1.0">
							<lines>
								<line number="22" hits="37" branch="false"/>
								<line number="24" hits="37" branch="false"/>
								<line number="25" hits="0" branch="false"/>
								<line number="26" hits="0" branch="false"/>
								<line number="27" hits="0" branch="false"/>
								<line number="28" hits="0" branch="false"/>
								<line number="29" hits="37" branch="false"/>
								<line number="30" hits="37" branch="false"/>
							</lines>
						</method>
						<method name="criarMercadoria" signature="(Lmodels/mercadoria/IMercadoria;)V" line-rate="0.7142857142857143" branch-rate="1.0">
							<lines>
								<line number="34" hits="5" branch="false"/>
								<line number="51" hits="5" branch="false"/>
								<line number="52" hits="5" branch="false"/>
								<line number="54" hits="0" branch="false"/>
								<line number="55" hits="0" branch="false"/>
								<line number="56" hits="5" branch="false"/>
								<line number="58" hits="5" branch="false"/>
							</lines>
						</method>
						<method name="editarMercadoria" signature="(Lmodels/mercadoria/IMercadoria;)V" line-rate="0.7142857142857143" branch-rate="1.0">
							<lines>
								<line number="62" hits="1" branch="false"/>
								<line number="69" hits="1" branch="false"/>
								<line number="70" hits="1" branch="false"/>
								<line number="71" hits="0" branch="false"/>
								<line number="72" hits="0" branch="false"/>
								<line number="73" hits="1" branch="false"/>
								<line number="74" hits="1" branch="false"/>
							</lines>
						</method>
						<method name="listarMercadorias" signature="()Ljava/util/List;" line-rate="0.875" branch-rate="1.0">
							<lines>
								<line number="153" hits="4" branch="false"/>
								<line number="154" hits="4" branch="false"/>
								<line number="158" hits="4" branch="false"/>
								<line number="160" hits="6" branch="true" condition-coverage="100% (2/2)">
									<conditions>
										<condition number="0" type="jump" coverage="100%"/>
									</conditions>
								</line>
								<line number="161" hits="2" branch="false"/>
								<line number="162" hits="2" branch="false"/>
								<line number="163" hits="2" branch="false"/>
								<line number="164" hits="2" branch="false"/>
								<line number="165" hits="2" branch="false"/>
								<line number="166" hits="2" branch="false"/>
								<line number="167" hits="2" branch="false"/>
								<line number="168" hits="2" branch="false"/>
								<line number="170" hits="0" branch="false"/>
								<line number="171" hits="0" branch="false"/>
								<line number="172" hits="4" branch="false"/>
								<line number="174" hits="4" branch="false"/>
							</lines>
						</method>
					</methods>
					<lines>
						<line number="14" hits="21" branch="false"/>
						<line number="22" hits="37" branch="false"/>
						<line number="24" hits="37" branch="false"/>
						<line number="25" hits="0" branch="false"/>
						<line number="26" hits="0" branch="false"/>
						<line number="27" hits="0" branch="false"/>
						<line number="28" hits="0" branch="false"/>
						<line number="29" hits="37" branch="false"/>
						<line number="30" hits="37" branch="false"/>
						<line number="34" hits="5" branch="false"/>
						<line number="51" hits="5" branch="false"/>
						<line number="52" hits="5" branch="false"/>
						<line number="54" hits="0" branch="false"/>
						<line number="55" hits="0" branch="false"/>
						<line number="56" hits="5" branch="false"/>
						<line number="58" hits="5" branch="false"/>
						<line number="62" hits="1" branch="false"/>
						<line number="69" hits="1" branch="false"/>
						<line number="70" hits="1" branch="false"/>
						<line number="71" hits="0" branch="false"/>
						<line number="72" hits="0" branch="false"/>
						<line number="73" hits="1" branch="false"/>
						<line number="74" hits="1" branch="false"/>
						<line number="79" hits="6" branch="false"/>
						<line number="80" hits="6" branch="false"/>
						<line number="83" hits="6" branch="false"/>
						<line number="84" hits="6" branch="false"/>
						<line number="87" hits="6" branch="true" condition-coverage="100% (2/2)">
							<conditions>
								<condition number="0" type="jump" coverage="100%"/>
							</conditions>
						</line>
						<line number="88" hits="5" branch="false"/>
						<line number="92" hits="1" branch="false"/>
						<line number="95" hits="0" branch="false"/>
						<line number="96" hits="0" branch="false"/>
						<line number="97" hits="5" branch="false"/>
						<line number="99" hits="5" branch="false"/>
						<line number="104" hits="3" branch="false"/>
						<line number="107" hits="3" branch="false"/>
						<line number="108" hits="3" branch="false"/>
						<line number="109" hits="0" branch="false"/>
						<line number="110" hits="0" branch="false"/>
						<line number="111" hits="3" branch="false"/>
						<line number="112" hits="3" branch="false"/>
						<line number="115" hits="8" branch="false"/>
						<line number="118" hits="8" branch="false"/>
						<line number="119" hits="8" branch="false"/>
						<line number="120" hits="0" branch="false"/>
						<line number="121" hits="0" branch="false"/>
						<line number="122" hits="8" branch="false"/>
						<line number="123" hits="8" branch="false"/>
						<line number="126" hits="6" branch="false"/>
						<line number="127" hits="6" branch="false"/>
						<line number="130" hits="6" branch="false"/>
						<line number="131" hits="6" branch="false"/>
						<line number="134" hits="6" branch="true" condition-coverage="50% (1/2)">
							<conditions>
								<condition number="0" type="jump" coverage="50%"/>
							</conditions>
						</line>
						<line number="135" hits="6" branch="false"/>
						<line number="136" hits="6" branch="false"/>
						<line number="137" hits="6" branch="false"/>
						<line number="138" hits="6" branch="false"/>
						<line number="139" hits="6" branch="false"/>
						<line number="141" hits="0" branch="false"/>
						<line number="144" hits="0" branch="false"/>
						<line number="145" hits="0" branch="false"/>
						<line number="146" hits="6" branch="false"/>
						<line number="148" hits="6" branch="false"/>
						<line number="153" hits="4" branch="false"/>
						<line number="154" hits="4" branch="false"/>
						<line number="158" hits="4" branch="false"/>
						<line number="160" hits="6" branch="true" condition-coverage="100% (2/2)">
							<conditions>
								<condition number="0" type="jump" coverage="100%"/>
							</conditions>
						</line>
						<line number="161" hits="2" branch="false"/>
						<line number="162" hits="2" branch="false"/>
						<line number="163" hits="2" branch="false"/>
						<line number="164" hits="2" branch="false"/>
						<line number="165" hits="2" branch="false"/>
						<line number="166" hits="2" branch="false"/>
						<line number="167" hits="2" branch="false"/>
						<line number="168" hits="2" branch="false"/>
						<line number="170" hits="0" branch="false"/>
						<line number="171" hits="0" branch="false"/>
						<line number="172" hits="4" branch="false"/>
						<line number="174" hits="4" branch="false"/>
						<line number="180" hits="4" branch="false"/>
						<line number="183" hits="4" branch="false"/>
						<line number="184" hits="4" branch="false"/>
						<line number="186" hits="4" branch="true" condition-coverage="100% (2/2)">
							<conditions>
								<condition number="0" type="jump" coverage="100%"/>
							</conditions>
						</line>
						<line number="187" hits="1" branch="false"/>
						<line number="190" hits="0" branch="false"/>
						<line number="191" hits="0" branch="false"/>
						<line number="192" hits="3" branch="false"/>
						<line number="194" hits="3" branch="false"/>
					</lines>
				</class>
				<class name="dao.concrete.DAOVendas" filename="dao/concrete/DAOVendas.java" line-rate="0.7640449438202247" branch-rate="0.875" complexity="2.888888888888889">
					<methods>
						<method name="&lt;init&gt;" signature="()V" line-rate="1.0" branch-rate="1.0">
							<lines>
								<line number="14" hits="22" branch="false"/>
							</lines>
						</method>
						<method name="apagarTudo" signature="()V" line-rate="0.7142857142857143" branch-rate="1.0">
							<lines>
								<line number="84" hits="9" branch="false"/>
								<line number="86" hits="9" branch="false"/>
								<line number="87" hits="9" branch="false"/>
								<line number="88" hits="0" branch="false"/>
								<line number="89" hits="0" branch="false"/>
								<line number="90" hits="9" branch="false"/>
								<line number="91" hits="9" branch="false"/>
							</lines>
						</method>
						<method name="apagarVenda" signature="(I)V" line-rate="0.7142857142857143" branch-rate="1.0">
							<lines>
								<line number="74" hits="3" branch="false"/>
								<line number="76" hits="3" branch="false"/>
								<line number="77" hits="3" branch="false"/>
								<line number="78" hits="0" branch="false"/>
								<line number="79" hits="0" branch="false"/>
								<line number="80" hits="3" branch="false"/>
								<line number="81" hits="3" branch="false"/>
							</lines>
						</method>
						<method name="buscarIdVenda" signature="(I)I" line-rate="0.7777777777777778" branch-rate="1.0">
							<lines>
								<line number="169" hits="4" branch="false"/>
								<line number="172" hits="4" branch="false"/>
								<line number="173" hits="4" branch="false"/>
								<line number="175" hits="4" branch="true" condition-coverage="100% (2/2)">
									<conditions>
										<condition number="0" type="jump" coverage="100%"/>
									</conditions>
								</line>
								<line number="176" hits="2" branch="false"/>
								<line number="179" hits="0" branch="false"/>
								<line number="180" hits="0" branch="false"/>
								<line number="181" hits="2" branch="false"/>
								<line number="183" hits="2" branch="false"/>
							</lines>
						</method>
						<method name="buscarVenda" signature="(I)Lmodels/venda/IVenda;" line-rate="0.8" branch-rate="0.5">
							<lines>
								<line number="143" hits="4" branch="false"/>
								<line number="144" hits="4" branch="false"/>
								<line number="147" hits="4" branch="false"/>
								<line number="148" hits="4" branch="false"/>
								<line number="150" hits="4" branch="true" condition-coverage="50% (1/2)">
									<conditions>
										<condition number="0" type="jump" coverage="50%"/>
									</conditions>
								</line>
								<line number="151" hits="4" branch="false"/>
								<line number="152" hits="4" branch="false"/>
								<line number="153" hits="4" branch="false"/>
								<line number="154" hits="4" branch="false"/>
								<line number="155" hits="4" branch="false"/>
								<line number="157" hits="0" branch="false"/>
								<line number="160" hits="0" branch="false"/>
								<line number="161" hits="0" branch="false"/>
								<line number="162" hits="4" branch="false"/>
								<line number="164" hits="4" branch="false"/>
							</lines>
						</method>
						<method name="buscarVendaPorNome" signature="(Ljava/lang/String;)I" line-rate="0.8181818181818182" branch-rate="1.0">
							<lines>
								<line number="121" hits="5" branch="false"/>
								<line number="122" hits="5" branch="false"/>
								<line number="125" hits="5" branch="false"/>
								<line number="126" hits="5" branch="false"/>
								<line number="128" hits="5" branch="true" condition-coverage="100% (2/2)">
									<conditions>
										<condition number="0" type="jump" coverage="100%"/>
									</conditions>
								</line>
								<line number="129" hits="4" branch="false"/>
								<line number="132" hits="1" branch="false"/>
								<line number="135" hits="0" branch="false"/>
								<line number="136" hits="0" branch="false"/>
								<line number="137" hits="4" branch="false"/>
								<line number="139" hits="4" branch="false"/>
							</lines>
						</method>
						<method name="conectar" signature="()V" line-rate="0.5" branch-rate="1.0">
							<lines>
								<line number="22" hits="36" branch="false"/>
								<line number="24" hits="36" branch="false"/>
								<line number="25" hits="0" branch="false"/>
								<line number="26" hits="0" branch="false"/>
								<line number="27" hits="0" branch="false"/>
								<line number="28" hits="0" branch="false"/>
								<line number="29" hits="36" branch="false"/>
								<line number="30" hits="36" branch="false"/>
							</lines>
						</method>
						<method name="criarVenda" signature="(Lmodels/venda/IVenda;)V" line-rate="0.75" branch-rate="1.0">
							<lines>
								<line number="34" hits="6" branch="false"/>
								<line number="48" hits="6" branch="false"/>
								<line number="49" hits="6" branch="false"/>
								<line number="51" hits="0" branch="false"/>
								<line number="52" hits="0" branch="false"/>
								<line number="53" hits="6" branch="false"/>
								<line number="54" hits="6" branch="false"/>
								<line number="56" hits="6" branch="false"/>
							</lines>
						</method>
						<method name="editarVenda" signature="(Lmodels/venda/IVenda;)V" line-rate="0.7142857142857143" branch-rate="1.0">
							<lines>
								<line number="60" hits="1" branch="false"/>
								<line number="65" hits="1" branch="false"/>
								<line number="66" hits="1" branch="false"/>
								<line number="67" hits="0" branch="false"/>
								<line number="68" hits="0" branch="false"/>
								<line number="69" hits="1" branch="false"/>
								<line number="70" hits="1" branch="false"/>
							</lines>
						</method>
						<method name="listarVendas" signature="()Ljava/util/List;" line-rate="0.875" branch-rate="1.0">
							<lines>
								<line number="95" hits="4" branch="false"/>
								<line number="96" hits="4" branch="false"/>
								<line number="100" hits="4" branch="false"/>
								<line number="102" hits="6" branch="true" condition-coverage="100% (2/2)">
									<conditions>
										<condition number="0" type="jump" coverage="100%"/>
									</conditions>
								</line>
								<line number="103" hits="2" branch="false"/>
								<line number="104" hits="2" branch="false"/>
								<line number="105" hits="2" branch="false"/>
								<line number="106" hits="2" branch="false"/>
								<line number="107" hits="2" branch="false"/>
								<line number="108" hits="2" branch="false"/>
								<line number="109" hits="2" branch="false"/>
								<line number="110" hits="2" branch="false"/>
								<line number="112" hits="0" branch="false"/>
								<line number="113" hits="0" branch="false"/>
								<line number="114" hits="4" branch="false"/>
								<line number="116" hits="4" branch="false"/>
							</lines>
						</method>
					</methods>
					<lines>
						<line number="14" hits="22" branch="false"/>
						<line number="22" hits="36" branch="false"/>
						<line number="24" hits="36" branch="false"/>
						<line number="25" hits="0" branch="false"/>
						<line number="26" hits="0" branch="false"/>
						<line number="27" hits="0" branch="false"/>
						<line number="28" hits="0" branch="false"/>
						<line number="29" hits="36" branch="false"/>
						<line number="30" hits="36" branch="false"/>
						<line number="34" hits="6" branch="false"/>
						<line number="48" hits="6" branch="false"/>
						<line number="49" hits="6" branch="false"/>
						<line number="51" hits="0" branch="false"/>
						<line number="52" hits="0" branch="false"/>
						<line number="53" hits="6" branch="false"/>
						<line number="54" hits="6" branch="false"/>
						<line number="56" hits="6" branch="false"/>
						<line number="60" hits="1" branch="false"/>
						<line number="65" hits="1" branch="false"/>
						<line number="66" hits="1" branch="false"/>
						<line number="67" hits="0" branch="false"/>
						<line number="68" hits="0" branch="false"/>
						<line number="69" hits="1" branch="false"/>
						<line number="70" hits="1" branch="false"/>
						<line number="74" hits="3" branch="false"/>
						<line number="76" hits="3" branch="false"/>
						<line number="77" hits="3" branch="false"/>
						<line number="78" hits="0" branch="false"/>
						<line number="79" hits="0" branch="false"/>
						<line number="80" hits="3" branch="false"/>
						<line number="81" hits="3" branch="false"/>
						<line number="84" hits="9" branch="false"/>
						<line number="86" hits="9" branch="false"/>
						<line number="87" hits="9" branch="false"/>
						<line number="88" hits="0" branch="false"/>
						<line number="89" hits="0" branch="false"/>
						<line number="90" hits="9" branch="false"/>
						<line number="91" hits="9" branch="false"/>
						<line number="95" hits="4" branch="false"/>
						<line number="96" hits="4" branch="false"/>
						<line number="100" hits="4" branch="false"/>
						<line number="102" hits="6" branch="true" condition-coverage="100% (2/2)">
							<conditions>
								<condition number="0" type="jump" coverage="100%"/>
							</conditions>
						</line>
						<line number="103" hits="2" branch="false"/>
						<line number="104" hits="2" branch="false"/>
						<line number="105" hits="2" branch="false"/>
						<line number="106" hits="2" branch="false"/>
						<line number="107" hits="2" branch="false"/>
						<line number="108" hits="2" branch="false"/>
						<line number="109" hits="2" branch="false"/>
						<line number="110" hits="2" branch="false"/>
						<line number="112" hits="0" branch="false"/>
						<line number="113" hits="0" branch="false"/>
						<line number="114" hits="4" branch="false"/>
						<line number="116" hits="4" branch="false"/>
						<line number="121" hits="5" branch="false"/>
						<line number="122" hits="5" branch="false"/>
						<line number="125" hits="5" branch="false"/>
						<line number="126" hits="5" branch="false"/>
						<line number="128" hits="5" branch="true" condition-coverage="100% (2/2)">
							<conditions>
								<condition number="0" type="jump" coverage="100%"/>
							</conditions>
						</line>
						<line number="129" hits="4" branch="false"/>
						<line number="132" hits="1" branch="false"/>
						<line number="135" hits="0" branch="false"/>
						<line number="136" hits="0" branch="false"/>
						<line number="137" hits="4" branch="false"/>
						<line number="139" hits="4" branch="false"/>
						<line number="143" hits="4" branch="false"/>
						<line number="144" hits="4" branch="false"/>
						<line number="147" hits="4" branch="false"/>
						<line number="148" hits="4" branch="false"/>
						<line number="150" hits="4" branch="true" condition-coverage="50% (1/2)">
							<conditions>
								<condition number="0" type="jump" coverage="50%"/>
							</conditions>
						</line>
						<line number="151" hits="4" branch="false"/>
						<line number="152" hits="4" branch="false"/>
						<line number="153" hits="4" branch="false"/>
						<line number="154" hits="4" branch="false"/>
						<line number="155" hits="4" branch="false"/>
						<line number="157" hits="0" branch="false"/>
						<line number="160" hits="0" branch="false"/>
						<line number="161" hits="0" branch="false"/>
						<line number="162" hits="4" branch="false"/>
						<line number="164" hits="4" branch="false"/>
						<line number="169" hits="4" branch="false"/>
						<line number="172" hits="4" branch="false"/>
						<line number="173" hits="4" branch="false"/>
						<line number="175" hits="4" branch="true" condition-coverage="100% (2/2)">
							<conditions>
								<condition number="0" type="jump" coverage="100%"/>
							</conditions>
						</line>
						<line number="176" hits="2" branch="false"/>
						<line number="179" hits="0" branch="false"/>
						<line number="180" hits="0" branch="false"/>
						<line number="181" hits="2" branch="false"/>
						<line number="183" hits="2" branch="false"/>
					</lines>
				</class>
				<class name="dao.concrete.MySQLDAOFactory" filename="dao/concrete/MySQLDAOFactory.java" line-rate="1.0" branch-rate="1.0" complexity="1.0">
					<methods>
						<method name="&lt;init&gt;" signature="()V" line-rate="1.0" branch-rate="1.0">
							<lines>
								<line number="3" hits="10" branch="false"/>
							</lines>
						</method>
						<method name="createDAOFuncionario" signature="()Ldao/concrete/DAOFuncionario;" line-rate="1.0" branch-rate="1.0">
							<lines>
								<line number="10" hits="10" branch="false"/>
								<line number="11" hits="10" branch="false"/>
							</lines>
						</method>
						<method name="createDAOMercadoria" signature="()Ldao/concrete/DAOMercadoria;" line-rate="1.0" branch-rate="1.0">
							<lines>
								<line number="15" hits="10" branch="false"/>
								<line number="16" hits="10" branch="false"/>
							</lines>
						</method>
						<method name="createDAOVendas" signature="()Ldao/concrete/DAOVendas;" line-rate="1.0" branch-rate="1.0">
							<lines>
								<line number="20" hits="10" branch="false"/>
								<line number="21" hits="10" branch="false"/>
							</lines>
						</method>
					</methods>
					<lines>
						<line number="3" hits="10" branch="false"/>
						<line number="10" hits="10" branch="false"/>
						<line number="11" hits="10" branch="false"/>
						<line number="15" hits="10" branch="false"/>
						<line number="16" hits="10" branch="false"/>
						<line number="20" hits="10" branch="false"/>
						<line number="21" hits="10" branch="false"/>
					</lines>
				</class>
			</classes>
		</package>
		<package name="dao.interfaces" line-rate="1.0" branch-rate="1.0" complexity="1.0">
			<classes>
				<class name="dao.interfaces.IDaoFuncionario" filename="dao/interfaces/IDaoFuncionario.java" line-rate="1.0" branch-rate="1.0" complexity="1.0">
					<methods>
					</methods>
					<lines>
					</lines>
				</class>
				<class name="dao.interfaces.IDaoMercadoria" filename="dao/interfaces/IDaoMercadoria.java" line-rate="1.0" branch-rate="1.0" complexity="1.0">
					<methods>
					</methods>
					<lines>
					</lines>
				</class>
				<class name="dao.interfaces.IDaoVendas" filename="dao/interfaces/IDaoVendas.java" line-rate="1.0" branch-rate="1.0" complexity="1.0">
					<methods>
					</methods>
					<lines>
					</lines>
				</class>
			</classes>
		</package>
		<package name="exceptions" line-rate="0.0" branch-rate="1.0" complexity="0.0">
			<classes>
				<class name="exceptions.DaoException" filename="exceptions/DaoException.java" line-rate="0.0" branch-rate="1.0" complexity="0.0">
					<methods>
						<method name="&lt;init&gt;" signature="()V" line-rate="0.0" branch-rate="1.0">
							<lines>
								<line number="3" hits="0" branch="false"/>
							</lines>
						</method>
					</methods>
					<lines>
						<line number="3" hits="0" branch="false"/>
					</lines>
				</class>
				<class name="exceptions.OpcaoIlegalException" filename="exceptions/OpcaoIlegalException.java" line-rate="0.0" branch-rate="1.0" complexity="0.0">
					<methods>
						<method name="&lt;init&gt;" signature="()V" line-rate="0.0" branch-rate="1.0">
							<lines>
								<line number="3" hits="0" branch="false"/>
							</lines>
						</method>
					</methods>
					<lines>
						<line number="3" hits="0" branch="false"/>
					</lines>
				</class>
			</classes>
		</package>
		<package name="facade" line-rate="0.8653846153846154" branch-rate="1.0" complexity="1.12">
			<classes>
				<class name="facade.Facade" filename="facade/Facade.java" line-rate="0.8653846153846154" branch-rate="1.0" complexity="1.12">
					<methods>
						<method name="&lt;init&gt;" signature="(I)V" line-rate="1.0" branch-rate="1.0">
							<lines>
								<line number="21" hits="10" branch="false"/>
								<line number="22" hits="10" branch="false"/>
								<line number="23" hits="10" branch="false"/>
								<line number="24" hits="10" branch="false"/>
								<line number="25" hits="10" branch="false"/>
								<line number="26" hits="10" branch="false"/>
							</lines>
						</method>
						<method name="apagarFuncionario" signature="(Ljava/lang/String;)V" line-rate="0.6" branch-rate="1.0">
							<lines>
								<line number="63" hits="2" branch="false"/>
								<line number="64" hits="0" branch="false"/>
								<line number="66" hits="0" branch="false"/>
								<line number="67" hits="2" branch="false"/>
								<line number="68" hits="2" branch="false"/>
							</lines>
						</method>
						<method name="apagarFuncionario" signature="(Lmodels/funcionario/IFuncionario;)V" line-rate="0.6" branch-rate="1.0">
							<lines>
								<line number="72" hits="1" branch="false"/>
								<line number="73" hits="0" branch="false"/>
								<line number="75" hits="0" branch="false"/>
								<line number="76" hits="1" branch="false"/>
								<line number="77" hits="1" branch="false"/>
							</lines>
						</method>
						<method name="apagarMercadoria" signature="(I)V" line-rate="1.0" branch-rate="1.0">
							<lines>
								<line number="96" hits="1" branch="false"/>
								<line number="97" hits="1" branch="false"/>
							</lines>
						</method>
						<method name="apagarMercadoria" signature="(Lmodels/mercadoria/IMercadoria;)V" line-rate="1.0" branch-rate="1.0">
							<lines>
								<line number="100" hits="1" branch="false"/>
								<line number="101" hits="1" branch="false"/>
							</lines>
						</method>
						<method name="apagarVenda" signature="(I)V" line-rate="1.0" branch-rate="1.0">
							<lines>
								<line number="120" hits="1" branch="false"/>
								<line number="121" hits="1" branch="false"/>
							</lines>
						</method>
						<method name="apagarVenda" signature="(Lmodels/venda/IVenda;)V" line-rate="1.0" branch-rate="1.0">
							<lines>
								<line number="124" hits="1" branch="false"/>
								<line number="125" hits="1" branch="false"/>
							</lines>
						</method>
						<method name="atualizarSalario" signature="(Lmodels/funcionario/IFuncionario;)V" line-rate="1.0" branch-rate="1.0">
							<lines>
								<line number="50" hits="1" branch="false"/>
								<line number="51" hits="1" branch="false"/>
							</lines>
						</method>
						<method name="buscarFuncionario" signature="(Ljava/lang/String;)Lmodels/funcionario/IFuncionario;" line-rate="1.0" branch-rate="1.0">
							<lines>
								<line number="84" hits="1" branch="false"/>
							</lines>
						</method>
						<method name="buscarIdMercadoria" signature="(I)I" line-rate="1.0" branch-rate="1.0">
							<lines>
								<line number="136" hits="2" branch="false"/>
							</lines>
						</method>
						<method name="buscarIdVenda" signature="(I)I" line-rate="1.0" branch-rate="1.0">
							<lines>
								<line number="58" hits="2" branch="false"/>
							</lines>
						</method>
						<method name="buscarMercadoria" signature="(I)Lmodels/mercadoria/IMercadoria;" line-rate="1.0" branch-rate="1.0">
							<lines>
								<line number="108" hits="2" branch="false"/>
							</lines>
						</method>
						<method name="buscarRg" signature="(Ljava/lang/String;)Ljava/lang/String;" line-rate="1.0" branch-rate="1.0">
							<lines>
								<line number="54" hits="1" branch="false"/>
							</lines>
						</method>
						<method name="buscarSalario" signature="(Lmodels/funcionario/IFuncionario;)D" line-rate="1.0" branch-rate="1.0">
							<lines>
								<line number="42" hits="2" branch="false"/>
							</lines>
						</method>
						<method name="buscarVenda" signature="(I)Lmodels/venda/IVenda;" line-rate="1.0" branch-rate="1.0">
							<lines>
								<line number="132" hits="1" branch="false"/>
							</lines>
						</method>
						<method name="criarFuncionario" signature="(Lmodels/funcionario/IFuncionario;)V" line-rate="0.6" branch-rate="1.0">
							<lines>
								<line number="30" hits="3" branch="false"/>
								<line number="31" hits="0" branch="false"/>
								<line number="33" hits="0" branch="false"/>
								<line number="34" hits="3" branch="false"/>
								<line number="35" hits="3" branch="false"/>
							</lines>
						</method>
						<method name="criarMercadoria" signature="(Lmodels/mercadoria/IMercadoria;)V" line-rate="1.0" branch-rate="1.0">
							<lines>
								<line number="88" hits="3" branch="false"/>
								<line number="89" hits="3" branch="false"/>
							</lines>
						</method>
						<method name="criarVenda" signature="(Lmodels/venda/IVenda;)V" line-rate="1.0" branch-rate="1.0">
							<lines>
								<line number="112" hits="3" branch="false"/>
								<line number="113" hits="3" branch="false"/>
							</lines>
						</method>
						<method name="editarFuncionario" signature="(Lmodels/funcionario/IFuncionario;)V" line-rate="1.0" branch-rate="1.0">
							<lines>
								<line number="38" hits="1" branch="false"/>
								<line number="39" hits="1" branch="false"/>
							</lines>
						</method>
						<method name="editarMercadoria" signature="(Lmodels/mercadoria/IMercadoria;)V" line-rate="1.0" branch-rate="1.0">
							<lines>
								<line number="92" hits="1" branch="false"/>
								<line number="93" hits="1" branch="false"/>
							</lines>
						</method>
						<method name="editarVenda" signature="(Lmodels/venda/IVenda;)V" line-rate="1.0" branch-rate="1.0">
							<lines>
								<line number="116" hits="1" branch="false"/>
								<line number="117" hits="1" branch="false"/>
							</lines>
						</method>
						<method name="listarFuncionarios" signature="()Ljava/util/List;" line-rate="1.0" branch-rate="1.0">
							<lines>
								<line number="80" hits="4" branch="false"/>
							</lines>
						</method>
						<method name="listarMercadorias" signature="()Ljava/util/List;" line-rate="1.0" branch-rate="1.0">
							<lines>
								<line number="104" hits="2" branch="false"/>
							</lines>
						</method>
						<method name="listarVendas" signature="()Ljava/util/List;" line-rate="1.0" branch-rate="1.0">
							<lines>
								<line number="128" hits="2" branch="false"/>
							</lines>
						</method>
						<method name="quantidadeVendas" signature="(Lmodels/funcionario/IFuncionario;)I" line-rate="0.0" branch-rate="1.0">
							<lines>
								<line number="46" hits="0" branch="false"/>
							</lines>
						</method>
					</methods>
					<lines>
						<line number="21" hits="10" branch="false"/>
						<line number="22" hits="10" branch="false"/>
						<line number="23" hits="10" branch="false"/>
						<line number="24" hits="10" branch="false"/>
						<line number="25" hits="10" branch="false"/>
						<line number="26" hits="10" branch="false"/>
						<line number="30" hits="3" branch="false"/>
						<line number="31" hits="0" branch="false"/>
						<line number="33" hits="0" branch="false"/>
						<line number="34" hits="3" branch="false"/>
						<line number="35" hits="3" branch="false"/>
						<line number="38" hits="1" branch="false"/>
						<line number="39" hits="1" branch="false"/>
						<line number="42" hits="2" branch="false"/>
						<line number="46" hits="0" branch="false"/>
						<line number="50" hits="1" branch="false"/>
						<line number="51" hits="1" branch="false"/>
						<line number="54" hits="1" branch="false"/>
						<line number="58" hits="2" branch="false"/>
						<line number="63" hits="2" branch="false"/>
						<line number="64" hits="0" branch="false"/>
						<line number="66" hits="0" branch="false"/>
						<line number="67" hits="2" branch="false"/>
						<line number="68" hits="2" branch="false"/>
						<line number="72" hits="1" branch="false"/>
						<line number="73" hits="0" branch="false"/>
						<line number="75" hits="0" branch="false"/>
						<line number="76" hits="1" branch="false"/>
						<line number="77" hits="1" branch="false"/>
						<line number="80" hits="4" branch="false"/>
						<line number="84" hits="1" branch="false"/>
						<line number="88" hits="3" branch="false"/>
						<line number="89" hits="3" branch="false"/>
						<line number="92" hits="1" branch="false"/>
						<line number="93" hits="1" branch="false"/>
						<line number="96" hits="1" branch="false"/>
						<line number="97" hits="1" branch="false"/>
						<line number="100" hits="1" branch="false"/>
						<line number="101" hits="1" branch="false"/>
						<line number="104" hits="2" branch="false"/>
						<line number="108" hits="2" branch="false"/>
						<line number="112" hits="3" branch="false"/>
						<line number="113" hits="3" branch="false"/>
						<line number="116" hits="1" branch="false"/>
						<line number="117" hits="1" branch="false"/>
						<line number="120" hits="1" branch="false"/>
						<line number="121" hits="1" branch="false"/>
						<line number="124" hits="1" branch="false"/>
						<line number="125" hits="1" branch="false"/>
						<line number="128" hits="2" branch="false"/>
						<line number="132" hits="1" branch="false"/>
						<line number="136" hits="2" branch="false"/>
					</lines>
				</class>
			</classes>
		</package>
		<package name="gui" line-rate="0.0037831021437578815" branch-rate="0.0" complexity="4.166666666666667">
			<classes>
				<class name="gui.Main" filename="gui/Main.java" line-rate="0.0037831021437578815" branch-rate="0.0" complexity="4.166666666666667">
					<methods>
						<method name="&lt;init&gt;" signature="()V" line-rate="1.0" branch-rate="1.0">
							<lines>
								<line number="32" hits="1" branch="false"/>
								<line number="33" hits="1" branch="false"/>
								<line number="34" hits="1" branch="false"/>
							</lines>
						</method>
						<method name="ApagarMercadoria" signature="()V" line-rate="0.0" branch-rate="0.0">
							<lines>
								<line number="818" hits="0" branch="false"/>
								<line number="820" hits="0" branch="false"/>
								<line number="821" hits="0" branch="false"/>
								<line number="822" hits="0" branch="false"/>
								<line number="826" hits="0" branch="false"/>
								<line number="827" hits="0" branch="false"/>
								<line number="829" hits="0" branch="false"/>
								<line number="831" hits="0" branch="true" condition-coverage="0% (0/2)">
									<conditions>
										<condition number="0" type="jump" coverage="0%"/>
									</conditions>
								</line>
								<line number="833" hits="0" branch="false"/>
								<line number="835" hits="0" branch="false"/>
								<line number="836" hits="0" branch="false"/>
								<line number="838" hits="0" branch="false"/>
								<line number="840" hits="0" branch="true" condition-coverage="0% (0/2)">
									<conditions>
										<condition number="0" type="jump" coverage="0%"/>
									</conditions>
								</line>
								<line number="842" hits="0" branch="false"/>
							</lines>
						</method>
						<method name="ApagarVenda" signature="()V" line-rate="0.0" branch-rate="0.0">
							<lines>
								<line number="1167" hits="0" branch="false"/>
								<line number="1169" hits="0" branch="false"/>
								<line number="1170" hits="0" branch="false"/>
								<line number="1173" hits="0" branch="false"/>
								<line number="1174" hits="0" branch="false"/>
								<line number="1175" hits="0" branch="false"/>
								<line number="1177" hits="0" branch="false"/>
								<line number="1179" hits="0" branch="true" condition-coverage="0% (0/2)">
									<conditions>
										<condition number="0" type="jump" coverage="0%"/>
									</conditions>
								</line>
								<line number="1183" hits="0" branch="false"/>
								<line number="1185" hits="0" branch="false"/>
								<line number="1186" hits="0" branch="false"/>
								<line number="1188" hits="0" branch="false"/>
								<line number="1190" hits="0" branch="true" condition-coverage="0% (0/2)">
									<conditions>
										<condition number="0" type="jump" coverage="0%"/>
									</conditions>
								</line>
								<line number="1192" hits="0" branch="false"/>
							</lines>
						</method>
						<method name="AtualizarSalario" signature="()V" line-rate="0.0" branch-rate="0.0">
							<lines>
								<line number="374" hits="0" branch="false"/>
								<line number="376" hits="0" branch="false"/>
								<line number="377" hits="0" branch="false"/>
								<line number="378" hits="0" branch="false"/>
								<line number="379" hits="0" branch="false"/>
								<line number="383" hits="0" branch="false"/>
								<line number="384" hits="0" branch="false"/>
								<line number="386" hits="0" branch="true" condition-coverage="0% (0/4)">
									<conditions>
										<condition number="0" type="jump" coverage="0%"/>
										<condition number="1" type="jump" coverage="0%"/>
									</conditions>
								</line>
								<line number="387" hits="0" branch="false"/>
								<line number="390" hits="0" branch="false"/>
								<line number="392" hits="0" branch="true" condition-coverage="0% (0/2)">
									<conditions>
										<condition number="0" type="jump" coverage="0%"/>
									</conditions>
								</line>
								<line number="394" hits="0" branch="false"/>
								<line number="397" hits="0" branch="false"/>
								<line number="398" hits="0" branch="true" condition-coverage="0% (0/2)">
									<conditions>
										<condition number="0" type="jump" coverage="0%"/>
									</conditions>
								</line>
								<line number="399" hits="0" branch="false"/>
								<line number="400" hits="0" branch="false"/>
								<line number="402" hits="0" branch="false"/>
								<line number="403" hits="0" branch="false"/>
								<line number="405" hits="0" branch="false"/>
								<line number="407" hits="0" branch="true" condition-coverage="0% (0/2)">
									<conditions>
										<condition number="0" type="jump" coverage="0%"/>
									</conditions>
								</line>
								<line number="409" hits="0" branch="false"/>
							</lines>
						</method>
						<method name="BuscarFuncionario" signature="()V" line-rate="0.0" branch-rate="0.0">
							<lines>
								<line number="238" hits="0" branch="false"/>
								<line number="240" hits="0" branch="false"/>
								<line number="241" hits="0" branch="false"/>
								<line number="243" hits="0" branch="false"/>
								<line number="244" hits="0" branch="false"/>
								<line number="246" hits="0" branch="true" condition-coverage="0% (0/2)">
									<conditions>
										<condition number="0" type="jump" coverage="0%"/>
									</conditions>
								</line>
								<line number="248" hits="0" branch="false"/>
								<line number="250" hits="0" branch="false"/>
								<line number="252" hits="0" branch="false"/>
								<line number="255" hits="0" branch="false"/>
								<line number="256" hits="0" branch="false"/>
								<line number="257" hits="0" branch="false"/>
								<line number="258" hits="0" branch="false"/>
								<line number="259" hits="0" branch="false"/>
								<line number="260" hits="0" branch="false"/>
								<line number="262" hits="0" branch="false"/>
								<line number="265" hits="0" branch="true" condition-coverage="0% (0/2)">
									<conditions>
										<condition number="0" type="jump" coverage="0%"/>
									</conditions>
								</line>
								<line number="266" hits="0" branch="false"/>
							</lines>
						</method>
						<method name="BuscarMercadoria" signature="()V" line-rate="0.0" branch-rate="0.0">
							<lines>
								<line number="791" hits="0" branch="false"/>
								<line number="792" hits="0" branch="false"/>
								<line number="793" hits="0" branch="false"/>
								<line number="796" hits="0" branch="false"/>
								<line number="797" hits="0" branch="false"/>
								<line number="798" hits="0" branch="false"/>
								<line number="800" hits="0" branch="true" condition-coverage="0% (0/2)">
									<conditions>
										<condition number="0" type="jump" coverage="0%"/>
									</conditions>
								</line>
								<line number="801" hits="0" branch="false"/>
								<line number="802" hits="0" branch="false"/>
								<line number="803" hits="0" branch="false"/>
								<line number="804" hits="0" branch="false"/>
								<line number="805" hits="0" branch="false"/>
								<line number="806" hits="0" branch="false"/>
								<line number="807" hits="0" branch="false"/>
								<line number="808" hits="0" branch="false"/>
								<line number="810" hits="0" branch="false"/>
								<line number="812" hits="0" branch="true" condition-coverage="0% (0/2)">
									<conditions>
										<condition number="0" type="jump" coverage="0%"/>
									</conditions>
								</line>
								<line number="814" hits="0" branch="false"/>
							</lines>
						</method>
						<method name="BuscarVenda" signature="()V" line-rate="0.0" branch-rate="0.0">
							<lines>
								<line number="1140" hits="0" branch="false"/>
								<line number="1142" hits="0" branch="false"/>
								<line number="1145" hits="0" branch="false"/>
								<line number="1146" hits="0" branch="false"/>
								<line number="1147" hits="0" branch="false"/>
								<line number="1148" hits="0" branch="false"/>
								<line number="1149" hits="0" branch="true" condition-coverage="0% (0/2)">
									<conditions>
										<condition number="0" type="jump" coverage="0%"/>
									</conditions>
								</line>
								<line number="1150" hits="0" branch="false"/>
								<line number="1151" hits="0" branch="false"/>
								<line number="1153" hits="0" branch="false"/>
								<line number="1154" hits="0" branch="false"/>
								<line number="1155" hits="0" branch="false"/>
								<line number="1156" hits="0" branch="false"/>
								<line number="1157" hits="0" branch="false"/>
								<line number="1158" hits="0" branch="false"/>
								<line number="1160" hits="0" branch="false"/>
								<line number="1162" hits="0" branch="true" condition-coverage="0% (0/2)">
									<conditions>
										<condition number="0" type="jump" coverage="0%"/>
									</conditions>
								</line>
								<line number="1163" hits="0" branch="false"/>
							</lines>
						</method>
						<method name="CadastrarFuncionario" signature="()V" line-rate="0.0" branch-rate="0.0">
							<lines>
								<line number="44" hits="0" branch="false"/>
								<line number="46" hits="0" branch="false"/>
								<line number="47" hits="0" branch="false"/>
								<line number="51" hits="0" branch="false"/>
								<line number="54" hits="0" branch="false"/>
								<line number="55" hits="0" branch="false"/>
								<line number="57" hits="0" branch="true" condition-coverage="0% (0/4)">
									<conditions>
										<condition number="0" type="jump" coverage="0%"/>
										<condition number="1" type="jump" coverage="0%"/>
									</conditions>
								</line>
								<line number="58" hits="0" branch="false"/>
								<line number="59" hits="0" branch="false"/>
								<line number="60" hits="0" branch="false"/>
								<line number="61" hits="0" branch="false"/>
								<line number="62" hits="0" branch="false"/>
								<line number="65" hits="0" branch="false"/>
								<line number="66" hits="0" branch="false"/>
								<line number="67" hits="0" branch="false"/>
								<line number="68" hits="0" branch="false"/>
								<line number="69" hits="0" branch="false"/>
								<line number="70" hits="0" branch="false"/>
								<line number="74" hits="0" branch="false"/>
								<line number="75" hits="0" branch="false"/>
								<line number="76" hits="0" branch="false"/>
								<line number="77" hits="0" branch="false"/>
								<line number="79" hits="0" branch="false"/>
								<line number="81" hits="0" branch="false"/>
								<line number="82" hits="0" branch="false"/>
								<line number="84" hits="0" branch="true" condition-coverage="0% (0/2)">
									<conditions>
										<condition number="0" type="jump" coverage="0%"/>
									</conditions>
								</line>
								<line number="85" hits="0" branch="false"/>
							</lines>
						</method>
						<method name="CadastrarMercadoria" signature="()V" line-rate="0.0" branch-rate="1.0">
							<lines>
								<line number="846" hits="0" branch="false"/>
								<line number="848" hits="0" branch="false"/>
								<line number="851" hits="0" branch="false"/>
								<line number="852" hits="0" branch="false"/>
								<line number="853" hits="0" branch="false"/>
								<line number="854" hits="0" branch="false"/>
								<line number="855" hits="0" branch="false"/>
								<line number="858" hits="0" branch="false"/>
								<line number="859" hits="0" branch="false"/>
								<line number="860" hits="0" branch="false"/>
								<line number="861" hits="0" branch="false"/>
								<line number="862" hits="0" branch="false"/>
								<line number="865" hits="0" branch="false"/>
								<line number="866" hits="0" branch="false"/>
								<line number="868" hits="0" branch="false"/>
							</lines>
						</method>
						<method name="CadastrarVenda" signature="()V" line-rate="0.0" branch-rate="1.0">
							<lines>
								<line number="1241" hits="0" branch="false"/>
								<line number="1243" hits="0" branch="false"/>
								<line number="1246" hits="0" branch="false"/>
								<line number="1247" hits="0" branch="false"/>
								<line number="1248" hits="0" branch="false"/>
								<line number="1249" hits="0" branch="false"/>
								<line number="1252" hits="0" branch="false"/>
								<line number="1253" hits="0" branch="false"/>
								<line number="1254" hits="0" branch="false"/>
								<line number="1255" hits="0" branch="false"/>
								<line number="1258" hits="0" branch="false"/>
								<line number="1259" hits="0" branch="false"/>
								<line number="1261" hits="0" branch="false"/>
							</lines>
						</method>
						<method name="CalcularBonificacao" signature="()D" line-rate="0.0" branch-rate="0.0">
							<lines>
								<line number="323" hits="0" branch="false"/>
								<line number="324" hits="0" branch="false"/>
								<line number="325" hits="0" branch="false"/>
								<line number="327" hits="0" branch="false"/>
								<line number="329" hits="0" branch="false"/>
								<line number="333" hits="0" branch="false"/>
								<line number="335" hits="0" branch="false"/>
								<line number="336" hits="0" branch="false"/>
								<line number="338" hits="0" branch="true" condition-coverage="0% (0/2)">
									<conditions>
										<condition number="0" type="jump" coverage="0%"/>
									</conditions>
								</line>
								<line number="341" hits="0" branch="false"/>
								<line number="343" hits="0" branch="false"/>
								<line number="345" hits="0" branch="false"/>
								<line number="346" hits="0" branch="false"/>
								<line number="349" hits="0" branch="false"/>
								<line number="351" hits="0" branch="true" condition-coverage="0% (0/2)">
									<conditions>
										<condition number="0" type="jump" coverage="0%"/>
									</conditions>
								</line>
								<line number="353" hits="0" branch="false"/>
							</lines>
						</method>
						<method name="CalcularReajuste" signature="(Ljava/lang/String;)D" line-rate="0.0" branch-rate="0.0">
							<lines>
								<line number="360" hits="0" branch="false"/>
								<line number="362" hits="0" branch="false"/>
								<line number="364" hits="0" branch="false"/>
								<line number="365" hits="0" branch="true" condition-coverage="0% (0/2)">
									<conditions>
										<condition number="0" type="jump" coverage="0%"/>
									</conditions>
								</line>
								<line number="366" hits="0" branch="false"/>
								<line number="368" hits="0" branch="false"/>
							</lines>
						</method>
						<method name="EditarFuncionario" signature="()V" line-rate="0.0" branch-rate="0.0">
							<lines>
								<line number="190" hits="0" branch="false"/>
								<line number="191" hits="0" branch="false"/>
								<line number="192" hits="0" branch="false"/>
								<line number="193" hits="0" branch="false"/>
								<line number="194" hits="0" branch="false"/>
								<line number="197" hits="0" branch="false"/>
								<line number="198" hits="0" branch="false"/>
								<line number="199" hits="0" branch="false"/>
								<line number="201" hits="0" branch="true" condition-coverage="0% (0/2)">
									<conditions>
										<condition number="0" type="jump" coverage="0%"/>
									</conditions>
								</line>
								<line number="203" hits="0" branch="false"/>
								<line number="204" hits="0" branch="false"/>
								<line number="205" hits="0" branch="false"/>
								<line number="206" hits="0" branch="false"/>
								<line number="207" hits="0" branch="false"/>
								<line number="208" hits="0" branch="false"/>
								<line number="209" hits="0" branch="false"/>
								<line number="210" hits="0" branch="false"/>
								<line number="211" hits="0" branch="false"/>
								<line number="212" hits="0" branch="false"/>
								<line number="213" hits="0" branch="false"/>
								<line number="214" hits="0" branch="false"/>
								<line number="215" hits="0" branch="false"/>
								<line number="217" hits="0" branch="false"/>
								<line number="220" hits="0" branch="true" condition-coverage="0% (0/2)">
									<conditions>
										<condition number="0" type="jump" coverage="0%"/>
									</conditions>
								</line>
								<line number="223" hits="0" branch="false"/>
								<line number="224" hits="0" branch="false"/>
								<line number="225" hits="0" branch="false"/>
								<line number="226" hits="0" branch="false"/>
								<line number="227" hits="0" branch="false"/>
								<line number="228" hits="0" branch="false"/>
								<line number="231" hits="0" branch="false"/>
								<line number="232" hits="0" branch="false"/>
								<line number="234" hits="0" branch="false"/>
							</lines>
						</method>
						<method name="EditarVenda" signature="()V" line-rate="0.0" branch-rate="0.0">
							<lines>
								<line number="1196" hits="0" branch="false"/>
								<line number="1197" hits="0" branch="false"/>
								<line number="1198" hits="0" branch="false"/>
								<line number="1199" hits="0" branch="false"/>
								<line number="1200" hits="0" branch="false"/>
								<line number="1201" hits="0" branch="false"/>
								<line number="1203" hits="0" branch="false"/>
								<line number="1206" hits="0" branch="false"/>
								<line number="1207" hits="0" branch="false"/>
								<line number="1209" hits="0" branch="true" condition-coverage="0% (0/2)">
									<conditions>
										<condition number="0" type="jump" coverage="0%"/>
									</conditions>
								</line>
								<line number="1211" hits="0" branch="false"/>
								<line number="1212" hits="0" branch="false"/>
								<line number="1213" hits="0" branch="false"/>
								<line number="1214" hits="0" branch="false"/>
								<line number="1215" hits="0" branch="false"/>
								<line number="1216" hits="0" branch="false"/>
								<line number="1217" hits="0" branch="false"/>
								<line number="1218" hits="0" branch="false"/>
								<line number="1221" hits="0" branch="false"/>
								<line number="1222" hits="0" branch="false"/>
								<line number="1223" hits="0" branch="false"/>
								<line number="1224" hits="0" branch="false"/>
								<line number="1225" hits="0" branch="false"/>
								<line number="1228" hits="0" branch="false"/>
								<line number="1230" hits="0" branch="false"/>
								<line number="1231" hits="0" branch="false"/>
								<line number="1233" hits="0" branch="false"/>
								<line number="1235" hits="0" branch="true" condition-coverage="0% (0/2)">
									<conditions>
										<condition number="0" type="jump" coverage="0%"/>
									</conditions>
								</line>
								<line number="1237" hits="0" branch="false"/>
							</lines>
						</method>
						<method name="ListarFuncionarios" signature="()V" line-rate="0.0" branch-rate="0.0">
							<lines>
								<line number="270" hits="0" branch="false"/>
								<line number="273" hits="0" branch="false"/>
								<line number="275" hits="0" branch="true" condition-coverage="0% (0/2)">
									<conditions>
										<condition number="0" type="jump" coverage="0%"/>
									</conditions>
								</line>
								<line number="277" hits="0" branch="false"/>
								<line number="280" hits="0" branch="true" condition-coverage="0% (0/2)">
									<conditions>
										<condition number="0" type="jump" coverage="0%"/>
									</conditions>
								</line>
								<line number="281" hits="0" branch="false"/>
								<line number="282" hits="0" branch="false"/>
								<line number="283" hits="0" branch="false"/>
								<line number="284" hits="0" branch="false"/>
								<line number="285" hits="0" branch="false"/>
								<line number="286" hits="0" branch="false"/>
								<line number="287" hits="0" branch="false"/>
								<line number="290" hits="0" branch="false"/>
								<line number="293" hits="0" branch="false"/>
							</lines>
						</method>
						<method name="ListarMercadorias" signature="()V" line-rate="0.0" branch-rate="0.0">
							<lines>
								<line number="764" hits="0" branch="false"/>
								<line number="767" hits="0" branch="false"/>
								<line number="769" hits="0" branch="true" condition-coverage="0% (0/2)">
									<conditions>
										<condition number="0" type="jump" coverage="0%"/>
									</conditions>
								</line>
								<line number="771" hits="0" branch="false"/>
								<line number="773" hits="0" branch="true" condition-coverage="0% (0/2)">
									<conditions>
										<condition number="0" type="jump" coverage="0%"/>
									</conditions>
								</line>
								<line number="774" hits="0" branch="false"/>
								<line number="775" hits="0" branch="false"/>
								<line number="776" hits="0" branch="false"/>
								<line number="777" hits="0" branch="false"/>
								<line number="778" hits="0" branch="false"/>
								<line number="779" hits="0" branch="false"/>
								<line number="780" hits="0" branch="false"/>
								<line number="783" hits="0" branch="false"/>
								<line number="786" hits="0" branch="false"/>
							</lines>
						</method>
						<method name="ListarVendas" signature="()V" line-rate="0.0" branch-rate="0.0">
							<lines>
								<line number="1114" hits="0" branch="false"/>
								<line number="1117" hits="0" branch="false"/>
[...]
								<line number="56" hits="0" branch="false"/>
								<line number="57" hits="0" branch="false"/>
								<line number="59" hits="0" branch="false"/>
								<line number="60" hits="0" branch="false"/>
								<line number="61" hits="0" branch="false"/>
								<line number="62" hits="0" branch="false"/>
								<line number="63" hits="0" branch="false"/>
							</lines>
						</method>
					</methods>
					<lines>
						<line number="15" hits="0" branch="false"/>
						<line number="23" hits="0" branch="false"/>
						<line number="24" hits="0" branch="false"/>
						<line number="25" hits="0" branch="false"/>
						<line number="30" hits="0" branch="false"/>
						<line number="31" hits="0" branch="false"/>
						<line number="32" hits="0" branch="false"/>
						<line number="33" hits="0" branch="false"/>
						<line number="34" hits="0" branch="false"/>
						<line number="36" hits="0" branch="false"/>
						<line number="38" hits="0" branch="false"/>
						<line number="40" hits="0" branch="false"/>
						<line number="45" hits="0" branch="false"/>
						<line number="46" hits="0" branch="false"/>
						<line number="47" hits="0" branch="false"/>
						<line number="48" hits="0" branch="false"/>
						<line number="49" hits="0" branch="false"/>
						<line number="51" hits="0" branch="false"/>
						<line number="52" hits="0" branch="false"/>
						<line number="53" hits="0" branch="false"/>
						<line number="55" hits="0" branch="false"/>
						<line number="56" hits="0" branch="false"/>
						<line number="57" hits="0" branch="false"/>
						<line number="59" hits="0" branch="false"/>
						<line number="60" hits="0" branch="false"/>
						<line number="61" hits="0" branch="false"/>
						<line number="62" hits="0" branch="false"/>
						<line number="63" hits="0" branch="false"/>
						<line number="67" hits="0" branch="false"/>
						<line number="68" hits="0" branch="false"/>
						<line number="69" hits="0" branch="false"/>
						<line number="70" hits="0" branch="false"/>
						<line number="71" hits="0" branch="false"/>
						<line number="73" hits="0" branch="false"/>
						<line number="74" hits="0" branch="false"/>
						<line number="76" hits="0" branch="false"/>
						<line number="78" hits="0" branch="false"/>
						<line number="79" hits="0" branch="false"/>
					</lines>
				</class>
				<class name="test.FacadeTest" filename="test/FacadeTest.java" line-rate="0.0" branch-rate="1.0" complexity="1.0">
					<methods>
						<method name="&lt;init&gt;" signature="()V" line-rate="0.0" branch-rate="1.0">
							<lines>
								<line number="19" hits="0" branch="false"/>
							</lines>
						</method>
						<method name="TestApagarVenda" signature="()V" line-rate="0.0" branch-rate="1.0">
							<lines>
								<line number="230" hits="0" branch="false"/>
								<line number="231" hits="0" branch="false"/>
								<line number="232" hits="0" branch="false"/>
								<line number="233" hits="0" branch="false"/>
								<line number="234" hits="0" branch="false"/>
								<line number="237" hits="0" branch="false"/>
								<line number="238" hits="0" branch="false"/>
								<line number="240" hits="0" branch="false"/>
								<line number="242" hits="0" branch="false"/>
								<line number="244" hits="0" branch="false"/>
								<line number="245" hits="0" branch="false"/>
							</lines>
						</method>
						<method name="editarFuncionario" signature="()V" line-rate="0.0" branch-rate="1.0">
							<lines>
								<line number="56" hits="0" branch="false"/>
								<line number="57" hits="0" branch="false"/>
								<line number="58" hits="0" branch="false"/>
								<line number="59" hits="0" branch="false"/>
								<line number="60" hits="0" branch="false"/>
								<line number="61" hits="0" branch="false"/>
								<line number="63" hits="0" branch="false"/>
								<line number="64" hits="0" branch="false"/>
								<line number="65" hits="0" branch="false"/>
								<line number="66" hits="0" branch="false"/>
								<line number="67" hits="0" branch="false"/>
								<line number="68" hits="0" branch="false"/>
								<line number="69" hits="0" branch="false"/>
								<line number="71" hits="0" branch="false"/>
								<line number="72" hits="0" branch="false"/>
								<line number="74" hits="0" branch="false"/>
								<line number="75" hits="0" branch="false"/>
								<line number="77" hits="0" branch="false"/>
								<line number="79" hits="0" branch="false"/>
								<line number="80" hits="0" branch="false"/>
							</lines>
						</method>
						<method name="setUp" signature="()V" line-rate="0.0" branch-rate="1.0">
							<lines>
								<line number="30" hits="0" branch="false"/>
								<line number="31" hits="0" branch="false"/>
								<line number="32" hits="0" branch="false"/>
								<line number="33" hits="0" branch="false"/>
								<line number="34" hits="0" branch="false"/>
								<line number="35" hits="0" branch="false"/>
								<line number="36" hits="0" branch="false"/>
							</lines>
						</method>
						<method name="testApagarMercadoria" signature="()V" line-rate="0.0" branch-rate="1.0">
							<lines>
								<line number="140" hits="0" branch="false"/>
								<line number="141" hits="0" branch="false"/>
								<line number="142" hits="0" branch="false"/>
								<line number="143" hits="0" branch="false"/>
								<line number="144" hits="0" branch="false"/>
								<line number="145" hits="0" branch="false"/>
								<line number="147" hits="0" branch="false"/>
								<line number="148" hits="0" branch="false"/>
								<line number="150" hits="0" branch="false"/>
								<line number="152" hits="0" branch="false"/>
								<line number="153" hits="0" branch="false"/>
								<line number="154" hits="0" branch="false"/>
								<line number="155" hits="0" branch="false"/>
							</lines>
						</method>
						<method name="testAtualizarSalario" signature="()V" line-rate="0.0" branch-rate="1.0">
							<lines>
								<line number="86" hits="0" branch="false"/>
								<line number="87" hits="0" branch="false"/>
								<line number="88" hits="0" branch="false"/>
								<line number="89" hits="0" branch="false"/>
								<line number="90" hits="0" branch="false"/>
								<line number="91" hits="0" branch="false"/>
								<line number="92" hits="0" branch="false"/>
								<line number="93" hits="0" branch="false"/>
								<line number="95" hits="0" branch="false"/>
								<line number="97" hits="0" branch="false"/>
								<line number="98" hits="0" branch="false"/>
								<line number="99" hits="0" branch="false"/>
								<line number="100" hits="0" branch="false"/>
								<line number="101" hits="0" branch="false"/>
								<line number="102" hits="0" branch="false"/>
								<line number="103" hits="0" branch="false"/>
								<line number="105" hits="0" branch="false"/>
								<line number="107" hits="0" branch="false"/>
								<line number="109" hits="0" branch="false"/>
								<line number="111" hits="0" branch="false"/>
								<line number="113" hits="0" branch="false"/>
							</lines>
						</method>
						<method name="testCriaFuncionario" signature="()V" line-rate="0.0" branch-rate="1.0">
							<lines>
								<line number="40" hits="0" branch="false"/>
								<line number="41" hits="0" branch="false"/>
								<line number="42" hits="0" branch="false"/>
								<line number="43" hits="0" branch="false"/>
								<line number="44" hits="0" branch="false"/>
								<line number="45" hits="0" branch="false"/>
								<line number="47" hits="0" branch="false"/>
								<line number="48" hits="0" branch="false"/>
								<line number="49" hits="0" branch="false"/>
								<line number="50" hits="0" branch="false"/>
								<line number="52" hits="0" branch="false"/>
							</lines>
						</method>
						<method name="testCriarMercadoria" signature="()V" line-rate="0.0" branch-rate="1.0">
							<lines>
								<line number="119" hits="0" branch="false"/>
								<line number="120" hits="0" branch="false"/>
								<line number="121" hits="0" branch="false"/>
								<line number="122" hits="0" branch="false"/>
								<line number="123" hits="0" branch="false"/>
								<line number="124" hits="0" branch="false"/>
								<line number="126" hits="0" branch="false"/>
								<line number="127" hits="0" branch="false"/>
								<line number="128" hits="0" branch="false"/>
								<line number="130" hits="0" branch="false"/>
								<line number="133" hits="0" branch="false"/>
								<line number="135" hits="0" branch="false"/>
							</lines>
						</method>
						<method name="testCriarVenda" signature="()V" line-rate="0.0" branch-rate="1.0">
							<lines>
								<line number="185" hits="0" branch="false"/>
								<line number="186" hits="0" branch="false"/>
								<line number="187" hits="0" branch="false"/>
								<line number="188" hits="0" branch="false"/>
								<line number="189" hits="0" branch="false"/>
								<line number="191" hits="0" branch="false"/>
								<line number="193" hits="0" branch="false"/>
								<line number="195" hits="0" branch="false"/>
								<line number="197" hits="0" branch="false"/>
								<line number="199" hits="0" branch="false"/>
								<line number="201" hits="0" branch="false"/>
							</lines>
						</method>
						<method name="testEditarMercadoria" signature="()V" line-rate="0.0" branch-rate="1.0">
							<lines>
								<line number="159" hits="0" branch="false"/>
								<line number="160" hits="0" branch="false"/>
								<line number="161" hits="0" branch="false"/>
								<line number="162" hits="0" branch="false"/>
								<line number="163" hits="0" branch="false"/>
								<line number="164" hits="0" branch="false"/>
								<line number="166" hits="0" branch="false"/>
								<line number="167" hits="0" branch="false"/>
								<line number="169" hits="0" branch="false"/>
								<line number="170" hits="0" branch="false"/>
								<line number="171" hits="0" branch="false"/>
								<line number="172" hits="0" branch="false"/>
								<line number="173" hits="0" branch="false"/>
								<line number="174" hits="0" branch="false"/>
								<line number="175" hits="0" branch="false"/>
								<line number="177" hits="0" branch="false"/>
								<line number="179" hits="0" branch="false"/>
								<line number="181" hits="0" branch="false"/>
							</lines>
						</method>
						<method name="testEditarVenda" signature="()V" line-rate="0.0" branch-rate="1.0">
							<lines>
								<line number="205" hits="0" branch="false"/>
								<line number="206" hits="0" branch="false"/>
								<line number="207" hits="0" branch="false"/>
								<line number="208" hits="0" branch="false"/>
								<line number="209" hits="0" branch="false"/>
								<line number="212" hits="0" branch="false"/>
								<line number="213" hits="0" branch="false"/>
								<line number="214" hits="0" branch="false"/>
								<line number="215" hits="0" branch="false"/>
								<line number="216" hits="0" branch="false"/>
								<line number="217" hits="0" branch="false"/>
								<line number="218" hits="0" branch="false"/>
								<line number="219" hits="0" branch="false"/>
								<line number="220" hits="0" branch="false"/>
								<line number="221" hits="0" branch="false"/>
								<line number="223" hits="0" branch="false"/>
								<line number="225" hits="0" branch="false"/>
								<line number="226" hits="0" branch="false"/>
							</lines>
						</method>
					</methods>
					<lines>
						<line number="19" hits="0" branch="false"/>
						<line number="30" hits="0" branch="false"/>
						<line number="31" hits="0" branch="false"/>
						<line number="32" hits="0" branch="false"/>
						<line number="33" hits="0" branch="false"/>
						<line number="34" hits="0" branch="false"/>
						<line number="35" hits="0" branch="false"/>
						<line number="36" hits="0" branch="false"/>
						<line number="40" hits="0" branch="false"/>
						<line number="41" hits="0" branch="false"/>
						<line number="42" hits="0" branch="false"/>
						<line number="43" hits="0" branch="false"/>
						<line number="44" hits="0" branch="false"/>
						<line number="45" hits="0" branch="false"/>
						<line number="47" hits="0" branch="false"/>
						<line number="48" hits="0" branch="false"/>
						<line number="49" hits="0" branch="false"/>
						<line number="50" hits="0" branch="false"/>
						<line number="52" hits="0" branch="false"/>
						<line number="56" hits="0" branch="false"/>
						<line number="57" hits="0" branch="false"/>
						<line number="58" hits="0" branch="false"/>
						<line number="59" hits="0" branch="false"/>
						<line number="60" hits="0" branch="false"/>
						<line number="61" hits="0" branch="false"/>
						<line number="63" hits="0" branch="false"/>
						<line number="64" hits="0" branch="false"/>
						<line number="65" hits="0" branch="false"/>
						<line number="66" hits="0" branch="false"/>
						<line number="67" hits="0" branch="false"/>
						<line number="68" hits="0" branch="false"/>
						<line number="69" hits="0" branch="false"/>
						<line number="71" hits="0" branch="false"/>
						<line number="72" hits="0" branch="false"/>
						<line number="74" hits="0" branch="false"/>
						<line number="75" hits="0" branch="false"/>
						<line number="77" hits="0" branch="false"/>
						<line number="79" hits="0" branch="false"/>
						<line number="80" hits="0" branch="false"/>
						<line number="86" hits="0" branch="false"/>
						<line number="87" hits="0" branch="false"/>
						<line number="88" hits="0" branch="false"/>
						<line number="89" hits="0" branch="false"/>
						<line number="90" hits="0" branch="false"/>
						<line number="91" hits="0" branch="false"/>
						<line number="92" hits="0" branch="false"/>
						<line number="93" hits="0" branch="false"/>
						<line number="95" hits="0" branch="false"/>
						<line number="97" hits="0" branch="false"/>
						<line number="98" hits="0" branch="false"/>
						<line number="99" hits="0" branch="false"/>
						<line number="100" hits="0" branch="false"/>
						<line number="101" hits="0" branch="false"/>
						<line number="102" hits="0" branch="false"/>
						<line number="103" hits="0" branch="false"/>
						<line number="105" hits="0" branch="false"/>
						<line number="107" hits="0" branch="false"/>
						<line number="109" hits="0" branch="false"/>
						<line number="111" hits="0" branch="false"/>
						<line number="113" hits="0" branch="false"/>
						<line number="119" hits="0" branch="false"/>
						<line number="120" hits="0" branch="false"/>
						<line number="121" hits="0" branch="false"/>
						<line number="122" hits="0" branch="false"/>
						<line number="123" hits="0" branch="false"/>
						<line number="124" hits="0" branch="false"/>
						<line number="126" hits="0" branch="false"/>
						<line number="127" hits="0" branch="false"/>
						<line number="128" hits="0" branch="false"/>
						<line number="130" hits="0" branch="false"/>
						<line number="133" hits="0" branch="false"/>
						<line number="135" hits="0" branch="false"/>
						<line number="140" hits="0" branch="false"/>
						<line number="141" hits="0" branch="false"/>
						<line number="142" hits="0" branch="false"/>
						<line number="143" hits="0" branch="false"/>
						<line number="144" hits="0" branch="false"/>
						<line number="145" hits="0" branch="false"/>
						<line number="147" hits="0" branch="false"/>
						<line number="148" hits="0" branch="false"/>
						<line number="150" hits="0" branch="false"/>
						<line number="152" hits="0" branch="false"/>
						<line number="153" hits="0" branch="false"/>
						<line number="154" hits="0" branch="false"/>
						<line number="155" hits="0" branch="false"/>
						<line number="159" hits="0" branch="false"/>
						<line number="160" hits="0" branch="false"/>
						<line number="161" hits="0" branch="false"/>
						<line number="162" hits="0" branch="false"/>
						<line number="163" hits="0" branch="false"/>
						<line number="164" hits="0" branch="false"/>
						<line number="166" hits="0" branch="false"/>
						<line number="167" hits="0" branch="false"/>
						<line number="169" hits="0" branch="false"/>
						<line number="170" hits="0" branch="false"/>
						<line number="171" hits="0" branch="false"/>
						<line number="172" hits="0" branch="false"/>
						<line number="173" hits="0" branch="false"/>
						<line number="174" hits="0" branch="false"/>
						<line number="175" hits="0" branch="false"/>
						<line number="177" hits="0" branch="false"/>
						<line number="179" hits="0" branch="false"/>
						<line number="181" hits="0" branch="false"/>
						<line number="185" hits="0" branch="false"/>
						<line number="186" hits="0" branch="false"/>
						<line number="187" hits="0" branch="false"/>
						<line number="188" hits="0" branch="false"/>
						<line number="189" hits="0" branch="false"/>
						<line number="191" hits="0" branch="false"/>
						<line number="193" hits="0" branch="false"/>
						<line number="195" hits="0" branch="false"/>
						<line number="197" hits="0" branch="false"/>
						<line number="199" hits="0" branch="false"/>
						<line number="201" hits="0" branch="false"/>
						<line number="205" hits="0" branch="false"/>
						<line number="206" hits="0" branch="false"/>
						<line number="207" hits="0" branch="false"/>
						<line number="208" hits="0" branch="false"/>
						<line number="209" hits="0" branch="false"/>
						<line number="212" hits="0" branch="false"/>
						<line number="213" hits="0" branch="false"/>
						<line number="214" hits="0" branch="false"/>
						<line number="215" hits="0" branch="false"/>
						<line number="216" hits="0" branch="false"/>
						<line number="217" hits="0" branch="false"/>
						<line number="218" hits="0" branch="false"/>
						<line number="219" hits="0" branch="false"/>
						<line number="220" hits="0" branch="false"/>
						<line number="221" hits="0" branch="false"/>
						<line number="223" hits="0" branch="false"/>
						<line number="225" hits="0" branch="false"/>
						<line number="226" hits="0" branch="false"/>
						<line number="230" hits="0" branch="false"/>
						<line number="231" hits="0" branch="false"/>
						<line number="232" hits="0" branch="false"/>
						<line number="233" hits="0" branch="false"/>
						<line number="234" hits="0" branch="false"/>
						<line number="237" hits="0" branch="false"/>
						<line number="238" hits="0" branch="false"/>
						<line number="240" hits="0" branch="false"/>
						<line number="242" hits="0" branch="false"/>
						<line number="244" hits="0" branch="false"/>
						<line number="245" hits="0" branch="false"/>
					</lines>
				</class>
				<class name="test.MainTest" filename="test/MainTest.java" line-rate="0.0" branch-rate="1.0" complexity="1.0">
					<methods>
						<method name="&lt;init&gt;" signature="()V" line-rate="0.0" branch-rate="1.0">
							<lines>
								<line number="15" hits="0" branch="false"/>
							</lines>
						</method>
						<method name="setUp" signature="()V" line-rate="0.0" branch-rate="1.0">
							<lines>
								<line number="22" hits="0" branch="false"/>
								<line number="23" hits="0" branch="false"/>
								<line number="24" hits="0" branch="false"/>
							</lines>
						</method>
						<method name="testCadastrarFuncionario" signature="()V" line-rate="0.0" branch-rate="1.0">
							<lines>
								<line number="29" hits="0" branch="false"/>
							</lines>
						</method>
					</methods>
					<lines>
						<line number="15" hits="0" branch="false"/>
						<line number="22" hits="0" branch="false"/>
						<line number="23" hits="0" branch="false"/>
						<line number="24" hits="0" branch="false"/>
						<line number="29" hits="0" branch="false"/>
					</lines>
				</class>
			</classes>
		</package>
	</packages>
</coverage>
